<?xml version="1.0" encoding="utf-8"?><testsuites name="pytest tests"><testsuite name="pytest" errors="0" failures="0" skipped="0" tests="13" time="1.896" timestamp="2026-02-15T03:19:07.693526+00:00" hostname="agent-env-04e8c46c-e1bc-4941-8ba2-4a8b88c877a6"><testcase classname="backend.tests.test_finance_features.TestDateBugFix" name="test_create_transaction_feb_14_stored_correctly" time="0.348" /><testcase classname="backend.tests.test_finance_features.TestDateBugFix" name="test_create_transaction_various_dates" time="0.287" /><testcase classname="backend.tests.test_finance_features.TestAutopostRecurring" name="test_process_autopost_endpoint_exists" time="0.062" /><testcase classname="backend.tests.test_finance_features.TestAutopostRecurring" name="test_create_recurring_rule_with_autopost" time="0.160" /><testcase classname="backend.tests.test_finance_features.TestAutopostRecurring" name="test_autopost_creates_transactions_for_past_due_rules" time="0.382" /><testcase classname="backend.tests.test_finance_features.TestDashboardIntegration" name="test_autoposted_transactions_in_dashboard_summary" time="0.057" /><testcase classname="backend.tests.test_finance_features.TestDashboardIntegration" name="test_autoposted_transactions_in_category_spending" time="0.062" /><testcase classname="backend.tests.test_finance_features.TestDashboardIntegration" name="test_spending_chart_includes_autoposted" time="0.080" /><testcase classname="backend.tests.test_finance_features.TestRecurringRuleManagement" name="test_create_recurring_rule_without_autopost" time="0.062" /><testcase classname="backend.tests.test_finance_features.TestRecurringRuleManagement" name="test_manual_post_recurring_transaction" time="0.139" /><testcase classname="backend.tests.test_finance_features.TestRecurringRuleManagement" name="test_get_all_recurring_rules" time="0.081" /><testcase classname="backend.tests.test_finance_features.TestTransactionFiltering" name="test_filter_transactions_by_month" time="0.051" /><testcase classname="backend.tests.test_finance_features.TestTransactionFiltering" name="test_filter_recurring_instance_transactions" time="0.058" /></testsuite></testsuites>