<?xml version="1.0" encoding="utf-8"?><testsuites name="pytest tests"><testsuite name="pytest" errors="11" failures="0" skipped="0" tests="13" time="1.286" timestamp="2026-02-15T03:18:10.460020+00:00" hostname="agent-env-04e8c46c-e1bc-4941-8ba2-4a8b88c877a6"><testcase classname="backend.tests.test_finance_features.TestDateBugFix" name="test_create_transaction_feb_14_stored_correctly" time="0.358" /><testcase classname="backend.tests.test_finance_features.TestDateBugFix" name="test_create_transaction_various_dates" time="0.231" /><testcase classname="backend.tests.test_finance_features.TestAutopostRecurring" name="test_process_autopost_endpoint_exists" time="0.161"><error message="failed on setup with &quot;AssertionError: Registration failed: {&quot;detail&quot;:&quot;Email already registered&quot;}&#10;assert 400 == 200&#10; +  where 400 = &lt;Response [400]&gt;.status_code&quot;">backend/tests/test_finance_features.py:42: in auth_data
    assert response.status_code == 200, f"Registration failed: {response.text}"
E   AssertionError: Registration failed: {"detail":"Email already registered"}
E   assert 400 == 200
E    +  where 400 = &lt;Response [400]&gt;.status_code</error></testcase><testcase classname="backend.tests.test_finance_features.TestAutopostRecurring" name="test_create_recurring_rule_with_autopost" time="0.000"><error message="failed on setup with &quot;AssertionError: Registration failed: {&quot;detail&quot;:&quot;Email already registered&quot;}&#10;assert 400 == 200&#10; +  where 400 = &lt;Response [400]&gt;.status_code&quot;">backend/tests/test_finance_features.py:42: in auth_data
    assert response.status_code == 200, f"Registration failed: {response.text}"
E   AssertionError: Registration failed: {"detail":"Email already registered"}
E   assert 400 == 200
E    +  where 400 = &lt;Response [400]&gt;.status_code</error></testcase><testcase classname="backend.tests.test_finance_features.TestAutopostRecurring" name="test_autopost_creates_transactions_for_past_due_rules" time="0.000"><error message="failed on setup with &quot;AssertionError: Registration failed: {&quot;detail&quot;:&quot;Email already registered&quot;}&#10;assert 400 == 200&#10; +  where 400 = &lt;Response [400]&gt;.status_code&quot;">backend/tests/test_finance_features.py:42: in auth_data
    assert response.status_code == 200, f"Registration failed: {response.text}"
E   AssertionError: Registration failed: {"detail":"Email already registered"}
E   assert 400 == 200
E    +  where 400 = &lt;Response [400]&gt;.status_code</error></testcase><testcase classname="backend.tests.test_finance_features.TestDashboardIntegration" name="test_autoposted_transactions_in_dashboard_summary" time="0.108"><error message="failed on setup with &quot;AssertionError: Registration failed: {&quot;detail&quot;:&quot;Email already registered&quot;}&#10;assert 400 == 200&#10; +  where 400 = &lt;Response [400]&gt;.status_code&quot;">backend/tests/test_finance_features.py:42: in auth_data
    assert response.status_code == 200, f"Registration failed: {response.text}"
E   AssertionError: Registration failed: {"detail":"Email already registered"}
E   assert 400 == 200
E    +  where 400 = &lt;Response [400]&gt;.status_code</error></testcase><testcase classname="backend.tests.test_finance_features.TestDashboardIntegration" name="test_autoposted_transactions_in_category_spending" time="0.000"><error message="failed on setup with &quot;AssertionError: Registration failed: {&quot;detail&quot;:&quot;Email already registered&quot;}&#10;assert 400 == 200&#10; +  where 400 = &lt;Response [400]&gt;.status_code&quot;">backend/tests/test_finance_features.py:42: in auth_data
    assert response.status_code == 200, f"Registration failed: {response.text}"
E   AssertionError: Registration failed: {"detail":"Email already registered"}
E   assert 400 == 200
E    +  where 400 = &lt;Response [400]&gt;.status_code</error></testcase><testcase classname="backend.tests.test_finance_features.TestDashboardIntegration" name="test_spending_chart_includes_autoposted" time="0.000"><error message="failed on setup with &quot;AssertionError: Registration failed: {&quot;detail&quot;:&quot;Email already registered&quot;}&#10;assert 400 == 200&#10; +  where 400 = &lt;Response [400]&gt;.status_code&quot;">backend/tests/test_finance_features.py:42: in auth_data
    assert response.status_code == 200, f"Registration failed: {response.text}"
E   AssertionError: Registration failed: {"detail":"Email already registered"}
E   assert 400 == 200
E    +  where 400 = &lt;Response [400]&gt;.status_code</error></testcase><testcase classname="backend.tests.test_finance_features.TestRecurringRuleManagement" name="test_create_recurring_rule_without_autopost" time="0.122"><error message="failed on setup with &quot;AssertionError: Registration failed: {&quot;detail&quot;:&quot;Email already registered&quot;}&#10;assert 400 == 200&#10; +  where 400 = &lt;Response [400]&gt;.status_code&quot;">backend/tests/test_finance_features.py:42: in auth_data
    assert response.status_code == 200, f"Registration failed: {response.text}"
E   AssertionError: Registration failed: {"detail":"Email already registered"}
E   assert 400 == 200
E    +  where 400 = &lt;Response [400]&gt;.status_code</error></testcase><testcase classname="backend.tests.test_finance_features.TestRecurringRuleManagement" name="test_manual_post_recurring_transaction" time="0.000"><error message="failed on setup with &quot;AssertionError: Registration failed: {&quot;detail&quot;:&quot;Email already registered&quot;}&#10;assert 400 == 200&#10; +  where 400 = &lt;Response [400]&gt;.status_code&quot;">backend/tests/test_finance_features.py:42: in auth_data
    assert response.status_code == 200, f"Registration failed: {response.text}"
E   AssertionError: Registration failed: {"detail":"Email already registered"}
E   assert 400 == 200
E    +  where 400 = &lt;Response [400]&gt;.status_code</error></testcase><testcase classname="backend.tests.test_finance_features.TestRecurringRuleManagement" name="test_get_all_recurring_rules" time="0.000"><error message="failed on setup with &quot;AssertionError: Registration failed: {&quot;detail&quot;:&quot;Email already registered&quot;}&#10;assert 400 == 200&#10; +  where 400 = &lt;Response [400]&gt;.status_code&quot;">backend/tests/test_finance_features.py:42: in auth_data
    assert response.status_code == 200, f"Registration failed: {response.text}"
E   AssertionError: Registration failed: {"detail":"Email already registered"}
E   assert 400 == 200
E    +  where 400 = &lt;Response [400]&gt;.status_code</error></testcase><testcase classname="backend.tests.test_finance_features.TestTransactionFiltering" name="test_filter_transactions_by_month" time="0.116"><error message="failed on setup with &quot;AssertionError: Registration failed: {&quot;detail&quot;:&quot;Email already registered&quot;}&#10;assert 400 == 200&#10; +  where 400 = &lt;Response [400]&gt;.status_code&quot;">backend/tests/test_finance_features.py:42: in auth_data
    assert response.status_code == 200, f"Registration failed: {response.text}"
E   AssertionError: Registration failed: {"detail":"Email already registered"}
E   assert 400 == 200
E    +  where 400 = &lt;Response [400]&gt;.status_code</error></testcase><testcase classname="backend.tests.test_finance_features.TestTransactionFiltering" name="test_filter_recurring_instance_transactions" time="0.000"><error message="failed on setup with &quot;AssertionError: Registration failed: {&quot;detail&quot;:&quot;Email already registered&quot;}&#10;assert 400 == 200&#10; +  where 400 = &lt;Response [400]&gt;.status_code&quot;">backend/tests/test_finance_features.py:42: in auth_data
    assert response.status_code == 200, f"Registration failed: {response.text}"
E   AssertionError: Registration failed: {"detail":"Email already registered"}
E   assert 400 == 200
E    +  where 400 = &lt;Response [400]&gt;.status_code</error></testcase></testsuite></testsuites>